build-IDE-Qt_6_6_0_Clang_arm64_v8a-Debug/android-build/build/intermediates/manifest_merge_blame_file/debug/manifest-merger-blame-debug-report.txt
1<?xml version="1.0" encoding="utf-8"?>
2<manifest xmlns:android="http://schemas.android.com/apk/res/android"
3    package="org.fms.dev"
4    android:installLocation="auto"
5    android:versionCode="1"
6    android:versionName="1.0" >
7
8    <uses-sdk
9        android:minSdkVersion="23"
9-->build-IDE-Qt_6_6_0_Clang_arm64_v8a-Debug\android-build\AndroidManifest.xml
10        android:targetSdkVersion="31" />
10-->build-IDE-Qt_6_6_0_Clang_arm64_v8a-Debug\android-build\AndroidManifest.xml
11
12    <uses-permission android:name="android.permission.INTERNET" />
12-->build-IDE-Qt_6_6_0_Clang_arm64_v8a-Debug\android-build\AndroidManifest.xml:3:5-67
12-->build-IDE-Qt_6_6_0_Clang_arm64_v8a-Debug\android-build\AndroidManifest.xml:3:22-64
13    <uses-permission android:name="android.permission.WRITE_EXTERNAL_STORAGE" />
13-->build-IDE-Qt_6_6_0_Clang_arm64_v8a-Debug\android-build\AndroidManifest.xml:4:5-81
13-->build-IDE-Qt_6_6_0_Clang_arm64_v8a-Debug\android-build\AndroidManifest.xml:4:22-78
14    <uses-permission android:name="android.permission.ACCESS_NETWORK_STATE" />
14-->build-IDE-Qt_6_6_0_Clang_arm64_v8a-Debug\android-build\AndroidManifest.xml:5:5-79
14-->build-IDE-Qt_6_6_0_Clang_arm64_v8a-Debug\android-build\AndroidManifest.xml:5:22-76
15
16    <supports-screens
16-->build-IDE-Qt_6_6_0_Clang_arm64_v8a-Debug\android-build\AndroidManifest.xml:7:5-135
17        android:anyDensity="true"
17-->build-IDE-Qt_6_6_0_Clang_arm64_v8a-Debug\android-build\AndroidManifest.xml:7:23-48
18        android:largeScreens="true"
18-->build-IDE-Qt_6_6_0_Clang_arm64_v8a-Debug\android-build\AndroidManifest.xml:7:49-76
19        android:normalScreens="true"
19-->build-IDE-Qt_6_6_0_Clang_arm64_v8a-Debug\android-build\AndroidManifest.xml:7:77-105
20        android:smallScreens="true" />
20-->build-IDE-Qt_6_6_0_Clang_arm64_v8a-Debug\android-build\AndroidManifest.xml:7:106-133
21
22    <permission
22-->[androidx.core:core:1.10.1] AndroidManifest.xml:22:5-24:47
23        android:name="org.fms.dev.DYNAMIC_RECEIVER_NOT_EXPORTED_PERMISSION"
23-->[androidx.core:core:1.10.1] AndroidManifest.xml:23:9-81
24        android:protectionLevel="signature" />
24-->[androidx.core:core:1.10.1] AndroidManifest.xml:24:9-44
25
26    <uses-permission android:name="org.fms.dev.DYNAMIC_RECEIVER_NOT_EXPORTED_PERMISSION" />
26-->[androidx.core:core:1.10.1] AndroidManifest.xml:26:5-97
26-->[androidx.core:core:1.10.1] AndroidManifest.xml:26:22-94
27
28    <application
28-->build-IDE-Qt_6_6_0_Clang_arm64_v8a-Debug\android-build\AndroidManifest.xml:8:5-22:19
29        android:name="org.qtproject.qt.android.bindings.QtApplication"
29-->build-IDE-Qt_6_6_0_Clang_arm64_v8a-Debug\android-build\AndroidManifest.xml:8:18-80
30        android:allowBackup="true"
30-->build-IDE-Qt_6_6_0_Clang_arm64_v8a-Debug\android-build\AndroidManifest.xml:8:231-257
31        android:allowNativeHeapPointerTagging="false"
31-->build-IDE-Qt_6_6_0_Clang_arm64_v8a-Debug\android-build\AndroidManifest.xml:8:185-230
32        android:appComponentFactory="androidx.core.app.CoreComponentFactory"
32-->[androidx.core:core:1.10.1] AndroidManifest.xml:28:18-86
33        android:debuggable="true"
34        android:fullBackupOnly="false"
34-->build-IDE-Qt_6_6_0_Clang_arm64_v8a-Debug\android-build\AndroidManifest.xml:8:258-288
35        android:hardwareAccelerated="true"
35-->build-IDE-Qt_6_6_0_Clang_arm64_v8a-Debug\android-build\AndroidManifest.xml:8:81-115
36        android:icon="@drawable/icon"
36-->build-IDE-Qt_6_6_0_Clang_arm64_v8a-Debug\android-build\AndroidManifest.xml:8:289-318
37        android:label="火猴Studio"
37-->build-IDE-Qt_6_6_0_Clang_arm64_v8a-Debug\android-build\AndroidManifest.xml:8:116-140
38        android:requestLegacyExternalStorage="true" >
38-->build-IDE-Qt_6_6_0_Clang_arm64_v8a-Debug\android-build\AndroidManifest.xml:8:141-184
39        <activity
39-->build-IDE-Qt_6_6_0_Clang_arm64_v8a-Debug\android-build\AndroidManifest.xml:9:9-17:20
40            android:name="org.qtproject.qt.android.bindings.QtActivity"
40-->build-IDE-Qt_6_6_0_Clang_arm64_v8a-Debug\android-build\AndroidManifest.xml:9:19-78
41            android:configChanges="orientation|uiMode|screenLayout|screenSize|smallestScreenSize|layoutDirection|locale|fontScale|keyboard|keyboardHidden|navigation|mcc|mnc|density"
41-->build-IDE-Qt_6_6_0_Clang_arm64_v8a-Debug\android-build\AndroidManifest.xml:9:79-248
42            android:exported="true"
42-->build-IDE-Qt_6_6_0_Clang_arm64_v8a-Debug\android-build\AndroidManifest.xml:9:340-363
43            android:label="FMS"
43-->build-IDE-Qt_6_6_0_Clang_arm64_v8a-Debug\android-build\AndroidManifest.xml:9:249-268
44            android:launchMode="singleTop"
44-->build-IDE-Qt_6_6_0_Clang_arm64_v8a-Debug\android-build\AndroidManifest.xml:9:269-299
45            android:screenOrientation="unspecified" >
45-->build-IDE-Qt_6_6_0_Clang_arm64_v8a-Debug\android-build\AndroidManifest.xml:9:300-339
46            <intent-filter>
46-->build-IDE-Qt_6_6_0_Clang_arm64_v8a-Debug\android-build\AndroidManifest.xml:10:13-13:29
47                <action android:name="android.intent.action.MAIN" />
47-->build-IDE-Qt_6_6_0_Clang_arm64_v8a-Debug\android-build\AndroidManifest.xml:11:17-68
47-->build-IDE-Qt_6_6_0_Clang_arm64_v8a-Debug\android-build\AndroidManifest.xml:11:25-66
48
49                <category android:name="android.intent.category.LAUNCHER" />
49-->build-IDE-Qt_6_6_0_Clang_arm64_v8a-Debug\android-build\AndroidManifest.xml:12:17-76
49-->build-IDE-Qt_6_6_0_Clang_arm64_v8a-Debug\android-build\AndroidManifest.xml:12:27-74
50            </intent-filter>
51
52            <meta-data
52-->build-IDE-Qt_6_6_0_Clang_arm64_v8a-Debug\android-build\AndroidManifest.xml:14:13-81
53                android:name="android.app.lib_name"
53-->build-IDE-Qt_6_6_0_Clang_arm64_v8a-Debug\android-build\AndroidManifest.xml:14:24-59
54                android:value="FMS" />
54-->build-IDE-Qt_6_6_0_Clang_arm64_v8a-Debug\android-build\AndroidManifest.xml:14:60-79
55            <meta-data
55-->build-IDE-Qt_6_6_0_Clang_arm64_v8a-Debug\android-build\AndroidManifest.xml:15:13-79
56                android:name="android.app.arguments"
56-->build-IDE-Qt_6_6_0_Clang_arm64_v8a-Debug\android-build\AndroidManifest.xml:15:24-60
57                android:value="" />
57-->build-IDE-Qt_6_6_0_Clang_arm64_v8a-Debug\android-build\AndroidManifest.xml:15:61-77
58            <meta-data
58-->build-IDE-Qt_6_6_0_Clang_arm64_v8a-Debug\android-build\AndroidManifest.xml:16:13-98
59                android:name="android.app.extract_android_style"
59-->build-IDE-Qt_6_6_0_Clang_arm64_v8a-Debug\android-build\AndroidManifest.xml:16:24-72
60                android:value="minimal" />
60-->build-IDE-Qt_6_6_0_Clang_arm64_v8a-Debug\android-build\AndroidManifest.xml:16:73-96
61        </activity>
62
63        <provider
64            android:name="androidx.core.content.FileProvider"
64-->build-IDE-Qt_6_6_0_Clang_arm64_v8a-Debug\android-build\AndroidManifest.xml:19:19-68
65            android:authorities="org.fms.dev.qtprovider"
65-->build-IDE-Qt_6_6_0_Clang_arm64_v8a-Debug\android-build\AndroidManifest.xml:19:69-118
66            android:exported="false"
66-->build-IDE-Qt_6_6_0_Clang_arm64_v8a-Debug\android-build\AndroidManifest.xml:19:119-143
67            android:grantUriPermissions="true" >
67-->build-IDE-Qt_6_6_0_Clang_arm64_v8a-Debug\android-build\AndroidManifest.xml:19:144-178
68            <meta-data
68-->build-IDE-Qt_6_6_0_Clang_arm64_v8a-Debug\android-build\AndroidManifest.xml:20:13-117
69                android:name="android.support.FILE_PROVIDER_PATHS"
69-->build-IDE-Qt_6_6_0_Clang_arm64_v8a-Debug\android-build\AndroidManifest.xml:20:24-74
70                android:resource="@xml/qtprovider_paths" />
70-->build-IDE-Qt_6_6_0_Clang_arm64_v8a-Debug\android-build\AndroidManifest.xml:20:75-115
71        </provider>
72    </application>
73
74</manifest>